2023-03-26T10:55:25,634 [main] INFO  (SonidoTk.java:29) - El sonido fue cancelado!
2023-03-26T10:55:31,346 [main] INFO  (SonidoTk.java:40) - El sonido fue activado!
2023-03-26T10:58:16,711 [main] INFO  (SonidoTk.java:29) - El sonido fue cancelado!
2023-03-26T10:58:17,741 [main] INFO  (SonidoTk.java:35) - El sonido fue activado!
2023-03-26T11:21:37,172 [main] INFO  (IniciarSesionTk.java:37) - Ingresamos a llenar el campo de email
2023-03-26T11:21:41,288 [main] INFO  (IniciarSesionTk.java:46) - Click en boton siguiente de email OK
2023-03-26T11:21:41,563 [main] INFO  (IniciarSesionTk.java:49) - Ingresamos a llenar el campo de contraseña
2023-03-26T11:21:42,448 [main] INFO  (IniciarSesionTk.java:55) - Click en boton siguiente de conraseña OK
2023-03-26T11:21:48,296 [main] INFO  (LoginQ.java:33) - Inicio de sesion Exitoso!
2023-03-26T11:23:16,747 [main] INFO  (PlayStopTk.java:38) - El boton fue pausado en 0:06
2023-03-26T11:23:22,424 [main] INFO  (PlayStopTk.java:43) - El boton fue reproducido en 0:06
2023-03-26T11:23:28,270 [main] INFO  (PlayStopTk.java:48) - El boton fue pausado en 0:12
2023-03-26T11:23:28,822 [main] INFO  (SiguienteTk.java:27) - El nombre del video en reproducción es: F*cksNews: No Sabia Parquear
2023-03-26T11:23:37,111 [main] INFO  (SiguienteTk.java:42) - El video fue cambiado con exito!
2023-03-26T11:23:37,208 [main] INFO  (SiguienteTk.java:27) - El nombre del video en reproducción es: F*cksNews: Vicky Dabala
2023-03-26T11:23:43,626 [main] INFO  (SiguienteTk.java:38) - No aparecio PopUp de youtube premium en la pantalla 2
2023-03-26T11:23:43,662 [main] INFO  (SiguienteTk.java:42) - El video fue cambiado con exito!
2023-03-26T11:25:39,913 [main] INFO  (SonidoTk.java:29) - El sonido fue cancelado!
2023-03-26T11:25:40,884 [main] INFO  (SonidoTk.java:35) - El sonido fue activado!
2023-03-26T11:29:39,686 [main] INFO  (ResultadosCanalQ.java:31) - El canal ha sido encontrado, en los resultados de busqueda!
2023-03-26T11:29:51,228 [main] ERROR (SuscripcionCanalQ.java:42) - La suscripcion al canal Julian Mesa no fue posible, debe iniciar sessión
2023-03-26T12:09:58,178 [main] INFO  (SonidoTk.java:29) - El sonido fue cancelado!
2023-03-26T12:09:59,006 [main] INFO  (SonidoTk.java:35) - El sonido fue activado!
2023-03-26T12:11:35,125 [main] INFO  (SonidoTk.java:29) - El sonido fue cancelado!
2023-03-26T12:11:35,980 [main] INFO  (SonidoTk.java:35) - El sonido fue activado!
2023-03-26T12:14:35,353 [main] INFO  (SonidoTk.java:29) - El sonido fue cancelado!
2023-03-26T12:14:36,256 [main] INFO  (SonidoTk.java:35) - El sonido fue activado!
2023-03-26T12:42:06,239 [main] INFO  (SonidoTk.java:30) - El sonido fue cancelado!
2023-03-26T12:42:07,096 [main] INFO  (SonidoTk.java:36) - El sonido fue activado!
2023-03-26T12:47:03,696 [main] INFO  (SonidoTk.java:30) - El sonido fue cancelado!
2023-03-26T12:47:04,737 [main] INFO  (SonidoTk.java:36) - El sonido fue activado!
2023-03-26T12:51:11,821 [main] INFO  (SonidoTk.java:30) - El sonido fue cancelado!
2023-03-26T12:51:12,625 [main] INFO  (SonidoTk.java:36) - El sonido fue activado!
2023-03-26T12:53:07,049 [main] INFO  (SonidoTk.java:30) - El sonido fue cancelado!
2023-03-26T12:53:09,608 [main] INFO  (SonidoTk.java:36) - El sonido fue activado!
2023-03-26T12:54:59,841 [main] INFO  (SonidoTk.java:30) - El sonido fue cancelado!
2023-03-26T12:55:00,813 [main] INFO  (SonidoTk.java:36) - El sonido fue activado!
2023-03-26T12:55:52,938 [main] INFO  (SonidoTk.java:30) - El sonido fue cancelado!
2023-03-26T12:55:53,902 [main] INFO  (SonidoTk.java:36) - El sonido fue activado!
2023-03-26T12:57:51,170 [main] INFO  (SonidoTk.java:30) - El sonido fue cancelado!
2023-03-26T12:58:01,271 [main] ERROR (SonidoTk.java:38) - Existe un error y el boton sonido no pudo ser encontrado
2023-03-26T12:59:21,013 [main] INFO  (SonidoTk.java:30) - El sonido fue cancelado!
2023-03-26T12:59:31,111 [main] ERROR (SonidoTk.java:38) - Existe un error y el boton sonido no pudo ser encontrado
2023-03-26T13:00:12,810 [main] INFO  (SonidoTk.java:30) - El sonido fue cancelado!
2023-03-26T13:00:14,297 [main] INFO  (SonidoTk.java:36) - El sonido fue activado!
2023-03-26T13:17:56,123 [main] INFO  (SonidoTk.java:30) - El sonido fue cancelado!
2023-03-26T13:18:06,195 [main] ERROR (SonidoTk.java:38) - Existe un error y el boton sonido no pudo ser encontrado
2023-03-26T13:18:56,146 [main] INFO  (SonidoTk.java:30) - El sonido fue cancelado!
2023-03-26T13:19:06,232 [main] ERROR (SonidoTk.java:38) - Existe un error y el boton sonido no pudo ser encontrado
2023-03-26T13:19:49,547 [main] INFO  (SonidoTk.java:30) - El sonido fue cancelado!
2023-03-26T13:19:51,746 [main] INFO  (SonidoTk.java:36) - El sonido fue activado!
2023-03-26T13:23:23,300 [main] ERROR (SonidoTk.java:38) - Existe un error y el boton sonido no pudo ser encontrado
2023-03-26T13:25:56,600 [main] INFO  (SonidoTk.java:29) - El sonido fue cancelado!
2023-03-26T13:26:04,833 [main] INFO  (SonidoTk.java:36) - El sonido fue activado!
2023-03-26T13:29:22,777 [main] INFO  (SonidoTk.java:29) - El sonido fue cancelado!
2023-03-26T13:29:32,851 [main] ERROR (SonidoTk.java:38) - Existe un error y el boton para ctivar sonido no pudo ser encontrado
2023-03-26T13:30:43,650 [main] INFO  (SonidoTk.java:29) - El sonido fue cancelado!
2023-03-26T13:30:53,714 [main] ERROR (SonidoTk.java:38) - Existe un error y el boton para activar sonido no pudo ser encontrado
2023-03-26T13:31:44,843 [main] INFO  (SonidoTk.java:29) - El sonido fue cancelado!
2023-03-26T13:31:46,212 [main] INFO  (SonidoTk.java:36) - El sonido fue activado!
2023-03-26T13:33:42,883 [main] INFO  (SonidoTk.java:29) - El sonido fue cancelado!
2023-03-26T13:33:44,592 [main] INFO  (SonidoTk.java:36) - El sonido fue activado!
2023-03-26T13:37:18,439 [main] INFO  (SonidoTk.java:29) - El sonido fue cancelado!
2023-03-26T13:37:19,882 [main] INFO  (SonidoTk.java:36) - El sonido fue activado!
2023-03-26T13:41:26,678 [main] INFO  (SonidoTk.java:29) - El sonido fue cancelado!
2023-03-26T13:41:36,759 [main] ERROR (SonidoTk.java:38) - Existe un error y el boton para activar sonido no pudo ser encontrado
2023-03-26T13:42:28,404 [main] INFO  (SonidoTk.java:29) - El sonido fue cancelado!
2023-03-26T13:42:29,745 [main] INFO  (SonidoTk.java:36) - El sonido fue activado!
2023-03-26T13:46:04,702 [main] INFO  (SonidoTk.java:29) - El sonido fue cancelado!
2023-03-26T13:46:06,070 [main] INFO  (SonidoTk.java:36) - El sonido fue activado!
2023-03-26T13:50:36,924 [main] INFO  (SonidoTk.java:29) - El sonido fue cancelado!
2023-03-26T13:50:47,065 [main] ERROR (SonidoTk.java:38) - Existe un error y el boton para activar sonido no pudo ser encontrado
2023-03-26T13:51:37,646 [main] INFO  (SonidoTk.java:29) - El sonido fue cancelado!
2023-03-26T13:51:47,752 [main] ERROR (SonidoTk.java:38) - Existe un error y el boton para activar sonido no pudo ser encontrado
2023-03-26T13:53:16,610 [main] INFO  (SonidoTk.java:29) - El sonido fue cancelado!
2023-03-26T13:53:26,770 [main] ERROR (SonidoTk.java:38) - Existe un error y el boton para activar sonido no pudo ser encontrado
2023-03-26T13:54:04,126 [main] INFO  (SonidoTk.java:29) - El sonido fue cancelado!
2023-03-26T13:54:14,270 [main] ERROR (SonidoTk.java:38) - Existe un error y el boton para activar sonido no pudo ser encontrado
2023-03-26T13:59:55,436 [main] INFO  (SonidoTk.java:29) - El sonido fue cancelado!
2023-03-26T14:00:05,521 [main] ERROR (SonidoTk.java:38) - Existe un error y el boton para activar sonido no pudo ser encontrado
2023-03-26T14:01:14,542 [main] INFO  (SonidoTk.java:29) - El sonido fue cancelado!
2023-03-26T14:01:36,657 [main] ERROR (SonidoTk.java:38) - Existe un error y el boton para activar sonido no pudo ser encontrado
2023-03-26T14:03:37,819 [main] INFO  (SonidoTk.java:29) - El sonido fue cancelado!
2023-03-26T14:05:17,682 [main] INFO  (SonidoTk.java:36) - El sonido fue activado!
2023-03-26T14:07:11,929 [main] INFO  (SonidoTk.java:29) - El sonido fue cancelado!
2023-03-26T14:07:13,454 [main] INFO  (SonidoTk.java:36) - El sonido fue activado!
2023-03-26T14:11:33,057 [main] INFO  (SonidoTk.java:29) - El sonido fue cancelado!
2023-03-26T14:11:34,331 [main] INFO  (SonidoTk.java:36) - El sonido fue activado!
2023-03-26T14:14:57,078 [main] INFO  (SonidoTk.java:29) - El sonido fue cancelado!
2023-03-26T14:14:58,308 [main] INFO  (SonidoTk.java:36) - El sonido fue activado!
2023-03-26T15:58:27,116 [main] INFO  (SonidoTk.java:29) - El sonido fue cancelado!
2023-03-26T15:58:28,499 [main] INFO  (SonidoTk.java:36) - El sonido fue activado!
2023-03-26T16:00:03,281 [main] INFO  (SonidoTk.java:29) - El sonido fue cancelado!
2023-03-26T16:00:04,614 [main] INFO  (SonidoTk.java:36) - El sonido fue activado!
2023-03-26T16:01:23,976 [main] INFO  (SonidoTk.java:29) - El sonido fue cancelado!
2023-03-26T16:01:34,048 [main] ERROR (SonidoTk.java:38) - Existe un error y el boton para activar sonido no pudo ser encontrado
2023-03-26T16:02:23,310 [main] INFO  (SonidoTk.java:29) - El sonido fue cancelado!
2023-03-26T16:02:24,792 [main] INFO  (SonidoTk.java:36) - El sonido fue activado!
2023-03-26T16:05:48,605 [main] INFO  (SonidoTk.java:29) - El sonido fue cancelado!
2023-03-26T16:05:50,511 [main] INFO  (SonidoTk.java:36) - El sonido fue activado!
2023-03-26T16:07:30,118 [main] INFO  (SonidoTk.java:29) - El sonido fue cancelado!
2023-03-26T16:07:40,241 [main] ERROR (SonidoTk.java:38) - Existe un error y el boton para activar sonido no pudo ser encontrado
2023-03-26T16:08:35,582 [main] INFO  (SonidoTk.java:29) - El sonido fue cancelado!
2023-03-26T16:08:45,712 [main] ERROR (SonidoTk.java:38) - Existe un error y el boton para activar sonido no pudo ser encontrado
2023-03-26T16:12:50,811 [main] INFO  (SonidoTk.java:32) - El sonido fue cancelado!
2023-03-26T16:12:58,800 [main] INFO  (SonidoTk.java:39) - El sonido fue activado!
2023-03-26T16:14:02,407 [main] INFO  (SonidoTk.java:32) - El sonido fue cancelado!
2023-03-26T16:14:03,663 [main] INFO  (SonidoTk.java:39) - El sonido fue activado!
2023-03-26T16:15:30,212 [main] INFO  (SonidoTk.java:32) - El sonido fue cancelado!
2023-03-26T16:15:32,244 [main] INFO  (SonidoTk.java:39) - El sonido fue activado!
2023-03-26T16:17:31,921 [main] INFO  (SonidoTk.java:32) - El sonido fue cancelado!
2023-03-26T16:17:33,272 [main] INFO  (SonidoTk.java:39) - El sonido fue activado!
2023-03-26T16:19:53,595 [main] INFO  (SonidoTk.java:32) - El sonido fue cancelado!
2023-03-26T16:19:54,947 [main] INFO  (SonidoTk.java:39) - El sonido fue activado!
2023-03-26T16:22:29,033 [main] INFO  (SonidoTk.java:32) - El sonido fue cancelado!
2023-03-26T16:22:39,121 [main] ERROR (SonidoTk.java:41) - Existe un error y el boton para activar sonido no pudo ser encontrado
2023-03-26T16:23:27,966 [main] INFO  (SonidoTk.java:32) - El sonido fue cancelado!
2023-03-26T16:23:36,887 [main] INFO  (SonidoTk.java:39) - El sonido fue activado!
2023-03-26T16:26:37,311 [main] INFO  (SonidoTk.java:32) - El sonido fue cancelado!
2023-03-26T16:26:47,388 [main] ERROR (SonidoTk.java:41) - Existe un error y el boton para activar sonido no pudo ser encontrado
2023-03-26T16:27:34,363 [main] INFO  (SonidoTk.java:32) - El sonido fue cancelado!
2023-03-26T16:27:42,797 [main] INFO  (SonidoTk.java:39) - El sonido fue activado!
2023-03-26T16:28:48,371 [main] INFO  (SonidoTk.java:32) - El sonido fue cancelado!
2023-03-26T16:28:49,782 [main] INFO  (SonidoTk.java:39) - El sonido fue activado!
2023-03-26T16:32:03,544 [main] INFO  (SonidoTk.java:32) - El sonido fue cancelado!
2023-03-26T16:32:13,634 [main] ERROR (SonidoTk.java:42) - Existe un error y el boton para activar sonido no pudo ser encontrado
2023-03-26T16:34:02,844 [main] INFO  (SonidoTk.java:32) - El sonido fue cancelado!
2023-03-26T16:34:52,118 [main] INFO  (SonidoTk.java:32) - El sonido fue cancelado!
2023-03-26T16:36:28,251 [main] INFO  (SonidoTk.java:32) - El sonido fue cancelado!
2023-03-26T16:36:29,694 [main] INFO  (SonidoTk.java:39) - El sonido fue activado!
2023-03-26T16:37:48,211 [main] INFO  (SonidoTk.java:32) - El sonido fue cancelado!
2023-03-26T16:38:04,553 [main] ERROR (SonidoTk.java:42) - Existe un error y el boton para activar sonido no pudo ser encontrado
2023-03-26T16:38:46,674 [main] INFO  (SonidoTk.java:32) - El sonido fue cancelado!
2023-03-26T16:38:48,089 [main] INFO  (SonidoTk.java:39) - El sonido fue activado!
2023-03-26T16:39:55,075 [main] INFO  (SonidoTk.java:32) - El sonido fue cancelado!
2023-03-26T16:39:59,893 [main] INFO  (SonidoTk.java:39) - El sonido fue activado!
2023-03-26T16:59:42,265 [main] INFO  (SonidoTk.java:32) - El sonido fue cancelado!
2023-03-26T16:59:43,602 [main] INFO  (SonidoTk.java:40) - El sonido fue activado!
2023-03-26T17:01:38,624 [main] INFO  (SonidoTk.java:31) - El sonido fue cancelado!
2023-03-26T17:01:44,054 [main] INFO  (SonidoTk.java:39) - El sonido fue activado!
2023-03-26T17:03:36,343 [main] INFO  (SonidoTk.java:32) - El sonido fue cancelado!
2023-03-26T17:04:19,133 [main] INFO  (SonidoTk.java:32) - El sonido fue cancelado!
2023-03-26T17:05:07,496 [main] INFO  (SonidoTk.java:32) - El sonido fue cancelado!
2023-03-26T17:06:30,535 [main] INFO  (SonidoTk.java:32) - El sonido fue cancelado!
2023-03-26T17:08:37,692 [main] INFO  (SonidoTk.java:31) - El sonido fue cancelado!
2023-03-26T17:08:39,134 [main] INFO  (SonidoTk.java:39) - El sonido fue activado!
2023-03-26T21:37:20,144 [main] INFO  (SonidoTk.java:31) - El sonido fue cancelado!
2023-03-26T21:37:21,974 [main] INFO  (SonidoTk.java:39) - El sonido fue activado!
2023-03-26T21:38:02,052 [main] INFO  (SonidoTk.java:31) - El sonido fue cancelado!
2023-03-26T21:38:45,062 [main] INFO  (SonidoTk.java:31) - El sonido fue cancelado!
2023-03-26T21:38:46,388 [main] INFO  (SonidoTk.java:39) - El sonido fue activado!
2023-03-26T21:39:55,493 [main] INFO  (SonidoTk.java:31) - El sonido fue cancelado!
2023-03-26T21:39:56,869 [main] INFO  (SonidoTk.java:39) - El sonido fue activado!
2023-03-26T21:55:44,207 [main] INFO  (SonidoTk.java:31) - El sonido fue cancelado!
2023-03-26T21:55:45,546 [main] INFO  (SonidoTk.java:39) - El sonido fue activado!
2023-03-26T21:56:36,606 [main] INFO  (SonidoTk.java:31) - El sonido fue cancelado!
2023-03-26T21:56:38,719 [main] INFO  (SonidoTk.java:39) - El sonido fue activado!
2023-03-26T21:57:48,669 [main] INFO  (SonidoTk.java:31) - El sonido fue cancelado!
2023-03-26T21:57:50,057 [main] INFO  (SonidoTk.java:39) - El sonido fue activado!
2023-03-26T22:05:08,441 [main] INFO  (SonidoTk.java:31) - El sonido fue cancelado!
2023-03-26T22:05:09,873 [main] INFO  (SonidoTk.java:39) - El sonido fue activado!
2023-03-26T22:06:33,616 [main] INFO  (SonidoTk.java:31) - El sonido fue cancelado!
2023-03-26T22:06:50,959 [main] ERROR (SonidoTk.java:42) - Existe un error y el boton para activar sonido no pudo ser encontrado
2023-03-26T22:08:07,657 [main] INFO  (SonidoTk.java:31) - El sonido fue cancelado!
2023-03-26T22:08:21,468 [main] ERROR (SonidoTk.java:42) - Existe un error y el boton para activar sonido no pudo ser encontrado
2023-03-26T22:09:47,285 [main] INFO  (SonidoTk.java:31) - El sonido fue cancelado!
2023-03-26T22:09:50,104 [main] INFO  (SonidoTk.java:39) - El sonido fue activado!
2023-03-26T22:10:33,127 [main] INFO  (SonidoTk.java:31) - El sonido fue cancelado!
2023-03-26T22:10:34,416 [main] INFO  (SonidoTk.java:39) - El sonido fue activado!
2023-03-26T22:12:37,668 [main] INFO  (SonidoTk.java:31) - El sonido fue cancelado!
2023-03-26T22:12:39,098 [main] INFO  (SonidoTk.java:39) - El sonido fue activado!
2023-03-26T22:19:33,888 [main] INFO  (SonidoTk.java:32) - El sonido fue cancelado!
2023-03-26T22:20:44,037 [main] INFO  (SonidoTk.java:32) - El sonido fue cancelado!
2023-03-26T22:21:43,075 [main] INFO  (SonidoTk.java:32) - El sonido fue cancelado!
2023-03-26T22:23:26,861 [main] INFO  (SonidoTk.java:32) - El sonido fue cancelado!
2023-03-26T22:23:36,223 [main] INFO  (SonidoTk.java:39) - El sonido fue activado!
2023-03-26T22:24:34,753 [main] INFO  (SonidoTk.java:32) - El sonido fue cancelado!
2023-03-26T22:24:36,315 [main] INFO  (SonidoTk.java:40) - El sonido fue activado!
2023-03-26T22:28:50,008 [main] INFO  (SonidoTk.java:32) - El sonido fue cancelado!
2023-03-26T22:28:51,882 [main] INFO  (SonidoTk.java:40) - El sonido fue activado!
2023-03-26T22:31:14,786 [main] INFO  (SonidoTk.java:32) - El sonido fue cancelado!
2023-03-26T22:31:23,076 [main] INFO  (SonidoTk.java:38) - El sonido fue activado!
2023-03-26T22:34:03,642 [main] INFO  (SonidoTk.java:32) - El sonido fue cancelado!
2023-03-26T22:34:04,969 [main] INFO  (SonidoTk.java:38) - El sonido fue activado!
