2023-03-12T00:00:51,414 [main] INFO  (PlayStopTk.java:38) - El boton fue pausado en 0:07
2023-03-12T00:00:57,691 [main] INFO  (PlayStopTk.java:43) - El boton fue reproducido en 0:08
2023-03-12T00:01:04,131 [main] INFO  (PlayStopTk.java:48) - El boton fue pausado en 0:14
2023-03-12T00:01:04,724 [main] INFO  (Siguiente.java:25) - El nombre del video en reproducción es KAROL G, Shakira - TQG (Official Video)
2023-03-12T00:01:06,626 [main] ERROR (Siguiente.java:34) - Hubo un error al querer cambiar el video
2023-03-12T00:02:47,127 [main] ERROR (PlayStopTk.java:54) - No fue posible la reproducción del video!
2023-03-12T00:02:47,750 [main] INFO  (Siguiente.java:25) - El nombre del video en reproducción es: Dua Lipa, Calvin Harris, Coldplay, Martin Garrix & Kygo, The Chainsmokers Style - Feeling Me [Vol.2]
2023-03-12T00:02:51,183 [main] ERROR (Siguiente.java:34) - Hubo un error al querer cambiar el video
2023-03-12T00:03:46,141 [main] INFO  (PlayStopTk.java:38) - El boton fue pausado en 0:08
2023-03-12T00:03:52,259 [main] INFO  (PlayStopTk.java:43) - El boton fue reproducido en 0:09
2023-03-12T00:03:59,039 [main] INFO  (PlayStopTk.java:48) - El boton fue pausado en 0:15
2023-03-12T00:03:59,659 [main] INFO  (Siguiente.java:25) - El nombre del video en reproducción es: KAROL G, Shakira - Te Quedó Grande (Video Oficial)
2023-03-12T00:04:00,885 [main] ERROR (Siguiente.java:34) - Hubo un error al querer cambiar el video
2023-03-12T00:05:46,889 [main] ERROR (PlayStopTk.java:54) - No fue posible la reproducción del video!
2023-03-12T00:05:47,423 [main] INFO  (Siguiente.java:25) - El nombre del video en reproducción es: KAROL G, Shakira - TQG (Official Video)
2023-03-12T00:13:24,572 [main] ERROR (Siguiente.java:38) - Hubo un error al querer cambiar el video
2023-03-12T00:14:03,259 [main] INFO  (PlayStopTk.java:38) - El boton fue pausado en 0:06
2023-03-12T00:14:09,092 [main] INFO  (PlayStopTk.java:43) - El boton fue reproducido en 0:07
2023-03-12T00:14:14,876 [main] INFO  (PlayStopTk.java:48) - El boton fue pausado en 0:12
2023-03-12T00:14:15,262 [main] INFO  (Siguiente.java:26) - El nombre del video en reproducción es: KAROL G, Shakira - Te Quedó Grande (Video Oficial)
2023-03-12T00:14:26,453 [main] INFO  (Siguiente.java:37) - No aparecio PopUp de youtube premium
2023-03-12T00:15:44,703 [main] ERROR (Siguiente.java:42) - Hubo un error al querer cambiar el video
2023-03-12T00:24:22,993 [main] INFO  (PlayStopTk.java:38) - El boton fue pausado en 0:07
2023-03-12T00:24:28,832 [main] INFO  (PlayStopTk.java:43) - El boton fue reproducido en 0:07
2023-03-12T00:24:34,747 [main] INFO  (PlayStopTk.java:48) - El boton fue pausado en 0:13
2023-03-12T00:24:35,167 [main] INFO  (Siguiente.java:30) - El nombre del video en reproducción es: KAROL G, Shakira - Te Quedó Grande (Video Oficial)
2023-03-12T00:24:46,050 [main] INFO  (Siguiente.java:41) - No aparecio PopUp de youtube premium
2023-03-12T00:24:46,150 [main] INFO  (Siguiente.java:30) - El nombre del video en reproducción es: SHAKIRA || BZRP Music Sessions #53
2023-03-12T00:24:57,377 [main] INFO  (Siguiente.java:41) - No aparecio PopUp de youtube premium
2023-03-12T00:27:23,203 [main] INFO  (PlayStopTk.java:38) - El boton fue pausado en 0:06
2023-03-12T00:27:29,123 [main] INFO  (PlayStopTk.java:43) - El boton fue reproducido en 0:07
2023-03-12T00:27:35,152 [main] INFO  (PlayStopTk.java:48) - El boton fue pausado en 0:13
2023-03-12T00:27:35,593 [main] INFO  (Siguiente.java:30) - El nombre del video en reproducción es: KAROL G, Shakira - Te Quedó Grande (Video Oficial)
2023-03-12T00:27:46,978 [main] INFO  (Siguiente.java:41) - No aparecio PopUp de youtube premium
2023-03-12T00:28:57,806 [main] INFO  (Siguiente.java:30) - El nombre del video en reproducción es: Ozuna - Hey Mor | Bad Bunny, Myke Towers, Los Legendarios
2023-03-12T00:32:53,339 [main] INFO  (PlayStopTk.java:38) - El boton fue pausado en 0:07
2023-03-12T00:32:59,034 [main] INFO  (PlayStopTk.java:43) - El boton fue reproducido en 0:07
2023-03-12T00:33:05,096 [main] INFO  (PlayStopTk.java:48) - El boton fue pausado en 0:13
2023-03-12T00:33:05,157 [main] INFO  (Siguiente.java:30) - El nombre del video en reproducción es: KAROL G, Shakira - TQG (Official Video)
2023-03-12T00:34:02,000 [main] INFO  (Siguiente.java:45) - El video fue cambiado con exito!
2023-03-12T00:34:02,040 [main] INFO  (Siguiente.java:30) - El nombre del video en reproducción es: Ozuna - Hey Mor | Bad Bunny, Myke Towers, Los Legendarios
2023-03-12T00:34:08,351 [main] INFO  (Siguiente.java:41) - No aparecio PopUp de youtube premium
2023-03-12T00:34:28,665 [main] INFO  (Siguiente.java:45) - El video fue cambiado con exito!
2023-03-12T00:36:30,891 [main] INFO  (PlayStopTk.java:38) - El boton fue pausado en 0:06
2023-03-12T00:36:36,632 [main] INFO  (PlayStopTk.java:43) - El boton fue reproducido en 0:07
2023-03-12T00:36:42,334 [main] INFO  (PlayStopTk.java:48) - El boton fue pausado en 0:12
2023-03-12T00:36:42,392 [main] INFO  (Siguiente.java:30) - El nombre del video en reproducción es: KAROL G, Shakira - Te Quedó Grande (Video Oficial)
2023-03-12T00:36:53,756 [main] INFO  (Siguiente.java:41) - No aparecio PopUp de youtube premium
2023-03-12T00:36:53,808 [main] INFO  (Siguiente.java:45) - El video fue cambiado con exito!
2023-03-12T00:39:17,167 [main] INFO  (PlayStopTk.java:38) - El boton fue pausado en 0:06
2023-03-12T00:39:23,018 [main] INFO  (PlayStopTk.java:43) - El boton fue reproducido en 0:07
2023-03-12T00:39:28,932 [main] INFO  (PlayStopTk.java:48) - El boton fue pausado en 0:12
2023-03-12T00:39:29,340 [main] INFO  (Siguiente.java:30) - El nombre del video en reproducción es: KAROL G, Shakira - Te Quedó Grande (Video Oficial)
2023-03-12T00:39:40,133 [main] INFO  (Siguiente.java:41) - No aparecio PopUp de youtube premium
2023-03-12T00:39:40,168 [main] INFO  (Siguiente.java:45) - El video fue cambiado con exito!
2023-03-12T00:39:40,212 [main] INFO  (Siguiente.java:30) - El nombre del video en reproducción es: Ozuna - Hey Mor | Bad Bunny, Myke Towers, Los Legendarios
2023-03-12T00:39:42,738 [main] INFO  (Siguiente.java:45) - El video fue cambiado con exito!
2023-03-12T01:00:23,601 [main] INFO  (PlayStopTk.java:38) - El boton fue pausado en 0:05
2023-03-12T01:00:29,372 [main] INFO  (PlayStopTk.java:43) - El boton fue reproducido en 0:06
2023-03-12T01:00:35,115 [main] INFO  (PlayStopTk.java:48) - El boton fue pausado en 0:11
2023-03-12T01:00:35,519 [main] INFO  (Siguiente.java:30) - El nombre del video en reproducción es: KAROL G, Shakira - TQG (Official Video)
2023-03-12T01:00:39,373 [main] INFO  (Siguiente.java:45) - El video fue cambiado con exito!
2023-03-12T01:00:39,430 [main] INFO  (Siguiente.java:30) - El nombre del video en reproducción es: Ozuna - Hey Mor | Bad Bunny, Myke Towers, Los Legendarios
2023-03-12T01:00:46,735 [main] INFO  (Siguiente.java:41) - No aparecio PopUp de youtube premium.
2023-03-12T01:00:46,792 [main] INFO  (Siguiente.java:45) - El video fue cambiado con exito!
2023-03-12T01:01:55,960 [main] INFO  (PlayStopTk.java:38) - El boton fue pausado en 0:06
2023-03-12T01:02:01,659 [main] INFO  (PlayStopTk.java:43) - El boton fue reproducido en 0:07
2023-03-12T01:02:07,480 [main] INFO  (PlayStopTk.java:48) - El boton fue pausado en 0:12
2023-03-12T01:02:07,856 [main] INFO  (Siguiente.java:30) - El nombre del video en reproducción es: KAROL G, Shakira - TQG (Official Video)
2023-03-12T01:02:10,648 [main] INFO  (Siguiente.java:45) - El video fue cambiado con exito!
2023-03-12T01:02:10,717 [main] INFO  (Siguiente.java:30) - El nombre del video en reproducción es: SHAKIRA || BZRP Music Sessions #53 #Bizarrap #Shakira #MS53
2023-03-12T01:02:17,809 [main] INFO  (Siguiente.java:41) - No aparecio PopUp de youtube premium en la pantalla 1
2023-03-12T01:02:17,866 [main] INFO  (Siguiente.java:45) - El video fue cambiado con exito!
2023-03-12T01:03:22,431 [main] INFO  (PlayStopTk.java:38) - El boton fue pausado en 0:06
2023-03-12T01:03:28,161 [main] INFO  (PlayStopTk.java:43) - El boton fue reproducido en 0:07
2023-03-12T01:03:33,839 [main] INFO  (PlayStopTk.java:48) - El boton fue pausado en 0:12
2023-03-12T01:03:33,904 [main] INFO  (Siguiente.java:30) - El nombre del video en reproducción es: KAROL G, Shakira - TQG (Official Video)
2023-03-12T01:03:37,179 [main] INFO  (Siguiente.java:45) - El video fue cambiado con exito!
2023-03-12T01:03:37,230 [main] INFO  (Siguiente.java:30) - El nombre del video en reproducción es: LAS MEJORES CANCIONES DE FEID // Feid Mix 2023
2023-03-12T01:03:43,639 [main] INFO  (Siguiente.java:41) - No aparecio PopUp de youtube premium en la pantalla 2
2023-03-12T01:03:43,680 [main] INFO  (Siguiente.java:45) - El video fue cambiado con exito!
2023-03-12T01:08:15,275 [main] INFO  (PlayStopTk.java:38) - El boton fue pausado en 0:04
2023-03-12T01:08:21,175 [main] INFO  (PlayStopTk.java:43) - El boton fue reproducido en 0:05
2023-03-12T01:09:16,024 [main] INFO  (PlayStopTk.java:38) - El boton fue pausado en 0:05
2023-03-12T01:09:21,827 [main] INFO  (PlayStopTk.java:43) - El boton fue reproducido en 0:05
2023-03-12T01:09:27,446 [main] INFO  (PlayStopTk.java:48) - El boton fue pausado en 0:10
2023-03-12T01:09:27,479 [main] INFO  (Siguiente.java:30) - El nombre del video en reproducción es: KAROL G, Shakira - TQG (Official Video)
2023-03-12T01:09:30,322 [main] INFO  (Siguiente.java:45) - El video fue cambiado con exito!
2023-03-12T01:09:30,367 [main] INFO  (Siguiente.java:30) - El nombre del video en reproducción es: SHAKIRA || BZRP Music Sessions #53 #Bizarrap #Shakira #MS53
2023-03-12T01:09:37,045 [main] INFO  (Siguiente.java:41) - No aparecio PopUp de youtube premium en la pantalla 2
2023-03-12T01:09:37,070 [main] INFO  (Siguiente.java:45) - El video fue cambiado con exito!
2023-03-12T14:19:07,707 [main] INFO  (PlayStopTk.java:38) - El boton fue pausado en 0:04
2023-03-12T14:19:13,636 [main] INFO  (PlayStopTk.java:43) - El boton fue reproducido en 0:05
2023-03-12T14:19:19,384 [main] INFO  (PlayStopTk.java:48) - El boton fue pausado en 0:10
2023-03-12T14:19:19,426 [main] INFO  (SiguienteTk.java:27) - El nombre del video en reproducción es: KAROL G, Shakira - TQG (Official Video)
2023-03-12T14:19:22,385 [main] INFO  (SiguienteTk.java:42) - El video fue cambiado con exito!
2023-03-12T14:19:22,447 [main] INFO  (SiguienteTk.java:27) - El nombre del video en reproducción es: LAS MEJORES CANCIONES DE FEID // Feid Mix 2023
2023-03-12T14:19:29,483 [main] INFO  (SiguienteTk.java:38) - No aparecio PopUp de youtube premium en la pantalla 2
2023-03-12T14:19:29,521 [main] INFO  (SiguienteTk.java:42) - El video fue cambiado con exito!
2023-03-12T14:20:50,593 [main] INFO  (PlayStopTk.java:38) - El boton fue pausado en 0:06
2023-03-12T14:20:56,325 [main] INFO  (PlayStopTk.java:43) - El boton fue reproducido en 0:07
2023-03-12T14:21:02,270 [main] INFO  (PlayStopTk.java:48) - El boton fue pausado en 0:12
2023-03-12T14:21:02,350 [main] INFO  (SiguienteTk.java:27) - El nombre del video en reproducción es: KAROL G, Shakira - TQG (Official Video)
2023-03-12T14:21:05,539 [main] INFO  (SiguienteTk.java:42) - El video fue cambiado con exito!
2023-03-12T14:21:05,587 [main] INFO  (SiguienteTk.java:27) - El nombre del video en reproducción es: Ozuna - Hey Mor | Bad Bunny, Myke Towers, Los Legendarios
2023-03-12T14:21:11,805 [main] INFO  (SiguienteTk.java:38) - No aparecio PopUp de youtube premium en la pantalla 2
2023-03-12T14:21:11,859 [main] INFO  (SiguienteTk.java:42) - El video fue cambiado con exito!
2023-03-12T14:23:35,096 [main] INFO  (IniciarSesionTk.java:37) - Ingresamos a llenar el campo de email
2023-03-12T14:23:39,500 [main] INFO  (IniciarSesionTk.java:46) - Click en boton siguiente de email OK
2023-03-12T14:23:39,817 [main] INFO  (IniciarSesionTk.java:49) - Ingresamos a llenar el campo de contraseña
2023-03-12T14:23:40,709 [main] INFO  (IniciarSesionTk.java:55) - Click en boton siguiente de conraseña OK
2023-03-12T14:23:51,038 [main] ERROR (LoginQ.java:35) - No se logro iniciar sesion.
2023-03-12T14:24:10,508 [main] INFO  (ResultadosBusquedaQ.java:31) - El resultado de la busqueda es exitoso!
2023-03-12T14:24:45,607 [main] INFO  (ResultadosCanalQ.java:31) - El canal ha sido encontrado, en los resultados de busqueda!
2023-03-12T14:24:57,359 [main] ERROR (SuscripcionCanalQ.java:42) - La suscripcion al canal Julian Mesa no fue posible, debe iniciar sessión
2023-03-12T14:26:54,421 [main] INFO  (IniciarSesionTk.java:37) - Ingresamos a llenar el campo de email
2023-03-12T14:26:59,408 [main] INFO  (IniciarSesionTk.java:46) - Click en boton siguiente de email OK
2023-03-12T14:26:59,731 [main] INFO  (IniciarSesionTk.java:49) - Ingresamos a llenar el campo de contraseña
2023-03-12T14:27:00,619 [main] INFO  (IniciarSesionTk.java:55) - Click en boton siguiente de conraseña OK
2023-03-12T14:27:10,887 [main] ERROR (LoginQ.java:35) - No se logro iniciar sesion.
2023-03-12T14:27:29,199 [main] INFO  (ResultadosBusquedaQ.java:31) - El resultado de la busqueda es exitoso!
2023-03-12T14:27:53,309 [main] INFO  (PlayStopTk.java:38) - El boton fue pausado en 0:06
2023-03-12T14:27:58,959 [main] INFO  (PlayStopTk.java:43) - El boton fue reproducido en 0:06
2023-03-12T14:28:04,512 [main] INFO  (PlayStopTk.java:48) - El boton fue pausado en 0:11
2023-03-12T14:28:04,570 [main] INFO  (SiguienteTk.java:27) - El nombre del video en reproducción es: KAROL G, Shakira - TQG (Official Video)
2023-03-12T14:28:07,108 [main] INFO  (SiguienteTk.java:42) - El video fue cambiado con exito!
2023-03-12T14:28:07,172 [main] INFO  (SiguienteTk.java:27) - El nombre del video en reproducción es: Ozuna - Hey Mor | Bad Bunny, Myke Towers, Los Legendarios
2023-03-12T14:28:13,426 [main] INFO  (SiguienteTk.java:38) - No aparecio PopUp de youtube premium en la pantalla 2
2023-03-12T14:28:13,489 [main] INFO  (SiguienteTk.java:42) - El video fue cambiado con exito!
2023-03-12T14:28:32,428 [main] INFO  (ResultadosCanalQ.java:31) - El canal ha sido encontrado, en los resultados de busqueda!
2023-03-12T14:28:43,857 [main] ERROR (SuscripcionCanalQ.java:42) - La suscripcion al canal Julian Mesa no fue posible, debe iniciar sessión
